<?xml version="1.0" encoding="UTF-8"?>
<!-- Generated by org.testng.reporters.JUnitXMLReporter -->
<testsuite ignored="0" hostname="DESKTOP-QG8CIRA" failures="0" tests="6" name="To Verify the quick launch buttons, All CTA should be highlighted or hovered." time="18.011" errors="0" timestamp="2024-04-10T12:16:20 IST">
  <testcase classname="orangeHRMTestClasses.TestCase4" name="verifyAssignLeaves" time="5.785"/>
  <testcase classname="orangeHRMTestClasses.TestCase4" name="verifyLeaveList" time="1.192"/>
  <testcase classname="orangeHRMTestClasses.TestCase4" name="verifyTimesheets" time="1.148"/>
  <testcase classname="orangeHRMTestClasses.TestCase4" name="verifyApplyLeave" time="1.169"/>
  <testcase classname="orangeHRMTestClasses.TestCase4" name="verifyMyLeave" time="1.161"/>
  <testcase classname="orangeHRMTestClasses.TestCase4" name="verifyMyTimesheets" time="1.164"/>
</testsuite> <!-- To Verify the quick launch buttons, All CTA should be highlighted or hovered. -->
