<?xml version="1.0" encoding="UTF-8"?>
<!-- Generated by org.testng.reporters.JUnitXMLReporter -->
<testsuite ignored="0" hostname="DESKTOP-QG8CIRA" failures="0" tests="2" name="To Verify the Login Functionality, Logout CTA should be visible." time="15.703" errors="0" timestamp="2024-04-10T12:15:37 IST">
  <testcase classname="orangeHRMTestClasses.TestCase2" name="testLoginFunctionality" time="3.381"/>
  <testcase classname="orangeHRMTestClasses.TestCase2" name="testLogoutFunctionalityHoverOnLogout" time="6.526"/>
</testsuite> <!-- To Verify the Login Functionality, Logout CTA should be visible. -->
