<?xml version="1.0" encoding="UTF-8"?>
<!-- Generated by org.testng.reporters.JUnitXMLReporter -->
<testsuite ignored="0" hostname="DESKTOP-QG8CIRA" failures="0" tests="2" name="To Verify the Login Functionality, Logout CTA should be visible." time="26.562" errors="0" timestamp="2024-04-10T13:17:28 IST">
  <testcase classname="orangeHRMTestClasses.TestCase2" name="testLoginFunctionality" time="4.322"/>
  <testcase classname="orangeHRMTestClasses.TestCase2" name="testLogoutFunctionalityHoverOnLogout" time="6.303"/>
</testsuite> <!-- To Verify the Login Functionality, Logout CTA should be visible. -->
