<?xml version="1.0" encoding="UTF-8"?>
<!-- Generated by org.testng.reporters.JUnitXMLReporter -->
<testsuite ignored="0" hostname="DESKTOP-QG8CIRA" failures="0" tests="2" name="To Verify the punch-in and Punch-out functionality, The date and time should match as system date and time" time="29.306" errors="0" timestamp="2024-04-10T13:17:57 IST">
  <testcase classname="orangeHRMTestClasses.TestCase3" name="testPunchIn" time="10.801"/>
  <testcase classname="orangeHRMTestClasses.TestCase3" name="testPunchOut" time="8.457"/>
</testsuite> <!-- To Verify the punch-in and Punch-out functionality, The date and time should match as system date and time -->
