<?xml version="1.0" encoding="UTF-8"?>
<!-- Generated by org.testng.reporters.JUnitXMLReporter -->
<testsuite ignored="0" hostname="DESKTOP-QG8CIRA" failures="0" tests="1" name="Verify that the Username and Password text field should be null or blank." time="15.58" errors="0" timestamp="2024-04-10T13:17:01 IST">
  <testcase classname="orangeHRMTestClasses.TestCase1" name="testNullUsernameAndPassword" time="4.306"/>
</testsuite> <!-- Verify that the Username and Password text field should be null or blank. -->
