<?xml version="1.0" encoding="UTF-8"?>
<testsuite xmlns:xsi="http://www.w3.org/2001/XMLSchema-instance" xsi:noNamespaceSchemaLocation="https://maven.apache.org/surefire/maven-surefire-plugin/xsd/surefire-test-report-3.0.xsd" version="3.0" name="TestSuite" time="97.01" tests="11" errors="0" skipped="0" failures="0">
  <properties>
[...]
</properties>
  <testcase name="testNullUsernameAndPassword" classname="orangeHRMTestClasses.TestCase1" time="4.493">
    <system-out><![CDATA[Verify that the Username and Password text field should be null or blank.
testNullUsernameAndPassword
Test case Passed - testNullUsernameAndPassword
]]></system-out>
    <system-err><![CDATA[SLF4J: Failed to load class "org.slf4j.impl.StaticLoggerBinder".
SLF4J: Defaulting to no-operation (NOP) logger implementation
SLF4J: See http://www.slf4j.org/codes.html#StaticLoggerBinder for further details.
]]></system-err>
  </testcase>
  <testcase name="testLoginFunctionality" classname="orangeHRMTestClasses.TestCase2" time="4.523">
    <system-out><![CDATA[To Verify the Login Functionality, Logout CTA should be visible.
testLoginFunctionality
Test case Passed - testLoginFunctionality
]]></system-out>
  </testcase>
  <testcase name="testLogoutFunctionalityHoverOnLogout" classname="orangeHRMTestClasses.TestCase2" time="6.469">
    <system-out><![CDATA[testLogoutFunctionalityHoverOnLogout
Test case Passed - testLogoutFunctionalityHoverOnLogout
]]></system-out>
  </testcase>
  <testcase name="testPunchIn" classname="orangeHRMTestClasses.TestCase3" time="10.99">
    <system-out><![CDATA[To Verify the punch-in and Punch-out functionality, The date and time should match as system date and time
testPunchIn
Test case Passed - testPunchIn
]]></system-out>
  </testcase>
  <testcase name="testPunchOut" classname="orangeHRMTestClasses.TestCase3" time="8.635">
    <system-out><![CDATA[testPunchOut
Test case Passed - testPunchOut
]]></system-out>
  </testcase>
  <testcase name="verifyAssignLeaves" classname="orangeHRMTestClasses.TestCase4" time="5.813">
    <system-out><![CDATA[To Verify the quick launch buttons, All CTA should be highlighted or hovered.
verifyAssignLeaves
Test case Passed - verifyAssignLeaves
]]></system-out>
  </testcase>
  <testcase name="verifyLeaveList" classname="orangeHRMTestClasses.TestCase4" time="1.329">
    <system-out><![CDATA[verifyLeaveList
Test case Passed - verifyLeaveList
]]></system-out>
  </testcase>
  <testcase name="verifyTimesheets" classname="orangeHRMTestClasses.TestCase4" time="1.294">
    <system-out><![CDATA[verifyTimesheets
Test case Passed - verifyTimesheets
]]></system-out>
  </testcase>
  <testcase name="verifyApplyLeave" classname="orangeHRMTestClasses.TestCase4" time="1.313">
    <system-out><![CDATA[verifyApplyLeave
Test case Passed - verifyApplyLeave
]]></system-out>
  </testcase>
  <testcase name="verifyMyLeave" classname="orangeHRMTestClasses.TestCase4" time="1.306">
    <system-out><![CDATA[verifyMyLeave
Test case Passed - verifyMyLeave
]]></system-out>
  </testcase>
  <testcase name="verifyMyTimesheets" classname="orangeHRMTestClasses.TestCase4" time="1.31">
    <system-out><![CDATA[verifyMyTimesheets
Test case Passed - verifyMyTimesheets
]]></system-out>
  </testcase>
</testsuite>