<?xml version="1.0" encoding="UTF-8"?>
<testng-results ignored="0" total="11" passed="11" failed="0" skipped="0">
  <reporter-output>
  </reporter-output>
  <suite started-at="2024-04-10T13:16:45 IST" name="Suite" finished-at="2024-04-10T13:18:21 IST" duration-ms="95901">
    <groups>
    </groups>
    <test started-at="2024-04-10T13:16:45 IST" name="Verify that the Username and Password text field should be null or blank." finished-at="2024-04-10T13:17:01 IST" duration-ms="15580">
      <class name="orangeHRMTestClasses.TestCase1">
        <test-method is-config="true" signature="launchBrowser()[pri:0, instance:orangeHRMTestClasses.TestCase1@7975d1d8]" started-at="2024-04-10T13:16:45 IST" name="launchBrowser" finished-at="2024-04-10T13:16:56 IST" duration-ms="10747" status="PASS">
          <reporter-output>
          </reporter-output>
        </test-method> <!-- launchBrowser -->
        <test-method is-config="true" signature="Objects()[pri:0, instance:orangeHRMTestClasses.TestCase1@7975d1d8]" started-at="2024-04-10T13:16:56 IST" name="Objects" finished-at="2024-04-10T13:16:56 IST" duration-ms="27" status="PASS">
          <reporter-output>
          </reporter-output>
        </test-method> <!-- Objects -->
        <test-method signature="testNullUsernameAndPassword()[pri:0, instance:orangeHRMTestClasses.TestCase1@7975d1d8]" started-at="2024-04-10T13:16:56 IST" name="testNullUsernameAndPassword" finished-at="2024-04-10T13:17:00 IST" duration-ms="4306" status="PASS">
          <reporter-output>
          </reporter-output>
        </test-method> <!-- testNullUsernameAndPassword -->
        <test-method is-config="true" signature="tearDown()[pri:0, instance:orangeHRMTestClasses.TestCase1@7975d1d8]" started-at="2024-04-10T13:17:00 IST" name="tearDown" finished-at="2024-04-10T13:17:01 IST" duration-ms="266" status="PASS">
          <reporter-output>
          </reporter-output>
        </test-method> <!-- tearDown -->
      </class> <!-- orangeHRMTestClasses.TestCase1 -->
    </test> <!-- Verify that the Username and Password text field should be null or blank. -->
    <test started-at="2024-04-10T13:17:01 IST" name="To Verify the Login Functionality, Logout CTA should be visible." finished-at="2024-04-10T13:17:28 IST" duration-ms="26562">
      <class name="orangeHRMTestClasses.TestCase2">
        <test-method is-config="true" signature="launchBrowser()[pri:0, instance:orangeHRMTestClasses.TestCase2@1f760b47]" started-at="2024-04-10T13:17:01 IST" name="launchBrowser" finished-at="2024-04-10T13:17:16 IST" duration-ms="15316" status="PASS">
          <reporter-output>
          </reporter-output>
        </test-method> <!-- launchBrowser -->
        <test-method is-config="true" signature="Objects()[pri:0, instance:orangeHRMTestClasses.TestCase2@1f760b47]" started-at="2024-04-10T13:17:16 IST" name="Objects" finished-at="2024-04-10T13:17:16 IST" duration-ms="2" status="PASS">
          <reporter-output>
          </reporter-output>
        </test-method> <!-- Objects -->
        <test-method signature="testLoginFunctionality()[pri:1, instance:orangeHRMTestClasses.TestCase2@1f760b47]" started-at="2024-04-10T13:17:16 IST" name="testLoginFunctionality" finished-at="2024-04-10T13:17:21 IST" duration-ms="4322" status="PASS">
          <reporter-output>
          </reporter-output>
        </test-method> <!-- testLoginFunctionality -->
        <test-method signature="testLogoutFunctionalityHoverOnLogout()[pri:2, instance:orangeHRMTestClasses.TestCase2@1f760b47]" started-at="2024-04-10T13:17:21 IST" name="testLogoutFunctionalityHoverOnLogout" finished-at="2024-04-10T13:17:27 IST" duration-ms="6303" status="PASS">
          <reporter-output>
          </reporter-output>
        </test-method> <!-- testLogoutFunctionalityHoverOnLogout -->
        <test-method is-config="true" signature="tearDown()[pri:0, instance:orangeHRMTestClasses.TestCase2@1f760b47]" started-at="2024-04-10T13:17:27 IST" name="tearDown" finished-at="2024-04-10T13:17:28 IST" duration-ms="251" status="PASS">
          <reporter-output>
          </reporter-output>
        </test-method> <!-- tearDown -->
      </class> <!-- orangeHRMTestClasses.TestCase2 -->
    </test> <!-- To Verify the Login Functionality, Logout CTA should be visible. -->
    <test started-at="2024-04-10T13:17:28 IST" name="To Verify the punch-in and Punch-out functionality, The date and time should match as system date and time" finished-at="2024-04-10T13:17:57 IST" duration-ms="29306">
      <class name="orangeHRMTestClasses.TestCase3">
        <test-method is-config="true" signature="launchBrowser()[pri:0, instance:orangeHRMTestClasses.TestCase3@70e38ce1]" started-at="2024-04-10T13:17:28 IST" name="launchBrowser" finished-at="2024-04-10T13:17:37 IST" duration-ms="9401" status="PASS">
          <reporter-output>
          </reporter-output>
        </test-method> <!-- launchBrowser -->
        <test-method is-config="true" signature="Objects()[pri:0, instance:orangeHRMTestClasses.TestCase3@70e38ce1]" started-at="2024-04-10T13:17:37 IST" name="Objects" finished-at="2024-04-10T13:17:37 IST" duration-ms="1" status="PASS">
          <reporter-output>
          </reporter-output>
        </test-method> <!-- Objects -->
        <test-method signature="testPunchIn()[pri:1, instance:orangeHRMTestClasses.TestCase3@70e38ce1]" started-at="2024-04-10T13:17:37 IST" name="testPunchIn" finished-at="2024-04-10T13:17:48 IST" duration-ms="10801" status="PASS">
          <reporter-output>
          </reporter-output>
        </test-method> <!-- testPunchIn -->
        <test-method signature="testPunchOut()[pri:2, instance:orangeHRMTestClasses.TestCase3@70e38ce1]" started-at="2024-04-10T13:17:48 IST" name="testPunchOut" finished-at="2024-04-10T13:17:57 IST" duration-ms="8457" status="PASS">
          <reporter-output>
          </reporter-output>
        </test-method> <!-- testPunchOut -->
        <test-method is-config="true" signature="tearDown()[pri:0, instance:orangeHRMTestClasses.TestCase3@70e38ce1]" started-at="2024-04-10T13:17:57 IST" name="tearDown" finished-at="2024-04-10T13:17:57 IST" duration-ms="276" status="PASS">
          <reporter-output>
          </reporter-output>
        </test-method> <!-- tearDown -->
      </class> <!-- orangeHRMTestClasses.TestCase3 -->
    </test> <!-- To Verify the punch-in and Punch-out functionality, The date and time should match as system date and time -->
    <test started-at="2024-04-10T13:17:57 IST" name="To Verify the quick launch buttons, All CTA should be highlighted or hovered." finished-at="2024-04-10T13:18:21 IST" duration-ms="23825">
      <class name="orangeHRMTestClasses.TestCase4">
        <test-method is-config="true" signature="launchBrowser()[pri:0, instance:orangeHRMTestClasses.TestCase4@471a9022]" started-at="2024-04-10T13:17:57 IST" name="launchBrowser" finished-at="2024-04-10T13:18:08 IST" duration-ms="11168" status="PASS">
          <reporter-output>
          </reporter-output>
        </test-method> <!-- launchBrowser -->
        <test-method signature="verifyAssignLeaves()[pri:1, instance:orangeHRMTestClasses.TestCase4@471a9022]" started-at="2024-04-10T13:18:08 IST" name="verifyAssignLeaves" finished-at="2024-04-10T13:18:14 IST" duration-ms="5577" status="PASS">
          <reporter-output>
          </reporter-output>
        </test-method> <!-- verifyAssignLeaves -->
        <test-method is-config="true" signature="Objects()[pri:0, instance:orangeHRMTestClasses.TestCase4@471a9022]" started-at="2024-04-10T13:18:08 IST" name="Objects" finished-at="2024-04-10T13:18:08 IST" duration-ms="0" status="PASS">
          <reporter-output>
          </reporter-output>
        </test-method> <!-- Objects -->
        <test-method signature="verifyLeaveList()[pri:2, instance:orangeHRMTestClasses.TestCase4@471a9022]" started-at="2024-04-10T13:18:14 IST" name="verifyLeaveList" finished-at="2024-04-10T13:18:15 IST" duration-ms="1155" status="PASS">
          <reporter-output>
          </reporter-output>
        </test-method> <!-- verifyLeaveList -->
        <test-method signature="verifyTimesheets()[pri:3, instance:orangeHRMTestClasses.TestCase4@471a9022]" started-at="2024-04-10T13:18:15 IST" name="verifyTimesheets" finished-at="2024-04-10T13:18:17 IST" duration-ms="1139" status="PASS">
          <reporter-output>
          </reporter-output>
        </test-method> <!-- verifyTimesheets -->
        <test-method signature="verifyApplyLeave()[pri:4, instance:orangeHRMTestClasses.TestCase4@471a9022]" started-at="2024-04-10T13:18:17 IST" name="verifyApplyLeave" finished-at="2024-04-10T13:18:18 IST" duration-ms="1152" status="PASS">
          <reporter-output>
          </reporter-output>
        </test-method> <!-- verifyApplyLeave -->
        <test-method signature="verifyMyLeave()[pri:5, instance:orangeHRMTestClasses.TestCase4@471a9022]" started-at="2024-04-10T13:18:18 IST" name="verifyMyLeave" finished-at="2024-04-10T13:18:19 IST" duration-ms="1139" status="PASS">
          <reporter-output>
          </reporter-output>
        </test-method> <!-- verifyMyLeave -->
        <test-method signature="verifyMyTimesheets()[pri:6, instance:orangeHRMTestClasses.TestCase4@471a9022]" started-at="2024-04-10T13:18:19 IST" name="verifyMyTimesheets" finished-at="2024-04-10T13:18:21 IST" duration-ms="1148" status="PASS">
          <reporter-output>
          </reporter-output>
        </test-method> <!-- verifyMyTimesheets -->
        <test-method is-config="true" signature="tearDown()[pri:0, instance:orangeHRMTestClasses.TestCase4@471a9022]" started-at="2024-04-10T13:18:21 IST" name="tearDown" finished-at="2024-04-10T13:18:21 IST" duration-ms="288" status="PASS">
          <reporter-output>
          </reporter-output>
        </test-method> <!-- tearDown -->
      </class> <!-- orangeHRMTestClasses.TestCase4 -->
    </test> <!-- To Verify the quick launch buttons, All CTA should be highlighted or hovered. -->
  </suite> <!-- Suite -->
</testng-results>
